2025-02-04 12:49:13,046 [Worker-2: Loading available Gradle versions] INFO  o.e.b.c.i.u.g.PublishedGradleVersions - Gradle version information cache is up-to-date. Trying to read.
2025-02-04 12:50:47,802 [Worker-2: Loading available Gradle versions] INFO  o.e.b.c.i.u.g.PublishedGradleVersions - Gradle version information cache is up-to-date. Trying to read.
2025-02-04 12:50:59,471 [Worker-7: ƒrƒ‹ƒh] INFO  o.e.m.c.i.l.LifecycleMappingFactory - Using org.eclipse.m2e.jdt.JarLifecycleMapping lifecycle mapping for MavenProject: com.example:samuraitravel:0.0.1-SNAPSHOT @ C:\kadai_002\kadai_002\samuraitravel\pom.xml.
2025-02-04 12:51:00,280 [Worker-7: ƒrƒ‹ƒh] INFO  o.a.m.s.f.DefaultMavenResourcesFiltering - Copying 2 resources from src\main\resources to target\classes
2025-02-04 12:51:00,292 [Worker-7: ƒrƒ‹ƒh] INFO  o.a.m.s.f.DefaultMavenResourcesFiltering - Copying 37 resources from src\main\resources to target\classes
2025-02-04 12:51:00,323 [Worker-7: ƒrƒ‹ƒh] INFO  o.a.m.s.f.DefaultMavenResourcesFiltering - skip non existing resourceDirectory C:\kadai_002\kadai_002\samuraitravel\src\test\resources
2025-02-04 12:51:14,430 [Worker-10: ƒrƒ‹ƒh] INFO  o.a.m.s.f.DefaultMavenResourcesFiltering - Copying 0 resource from src\main\resources to target\classes
2025-02-04 12:51:14,436 [Worker-10: ƒrƒ‹ƒh] INFO  o.a.m.s.f.DefaultMavenResourcesFiltering - Copying 0 resource from src\main\resources to target\classes
2025-02-04 12:51:14,438 [Worker-10: ƒrƒ‹ƒh] INFO  o.a.m.s.f.DefaultMavenResourcesFiltering - skip non existing resourceDirectory C:\kadai_002\kadai_002\samuraitravel\src\test\resources
2025-02-04 12:51:48,286 [Worker-3: ƒrƒ‹ƒh] INFO  o.a.m.s.f.DefaultMavenResourcesFiltering - Copying 0 resource from src\main\resources to target\classes
2025-02-04 12:51:48,291 [Worker-3: ƒrƒ‹ƒh] INFO  o.a.m.s.f.DefaultMavenResourcesFiltering - Copying 0 resource from src\main\resources to target\classes
2025-02-04 12:51:48,293 [Worker-3: ƒrƒ‹ƒh] INFO  o.a.m.s.f.DefaultMavenResourcesFiltering - skip non existing resourceDirectory C:\kadai_002\kadai_002\samuraitravel\src\test\resources
2025-02-04 12:52:14,086 [Worker-2: ƒrƒ‹ƒh] INFO  o.a.m.s.f.DefaultMavenResourcesFiltering - Copying 0 resource from src\main\resources to target\classes
2025-02-04 12:52:14,092 [Worker-2: ƒrƒ‹ƒh] INFO  o.a.m.s.f.DefaultMavenResourcesFiltering - Copying 0 resource from src\main\resources to target\classes
2025-02-04 12:52:14,094 [Worker-2: ƒrƒ‹ƒh] INFO  o.a.m.s.f.DefaultMavenResourcesFiltering - skip non existing resourceDirectory C:\kadai_002\kadai_002\samuraitravel\src\test\resources
2025-02-04 12:52:19,637 [Worker-8: ƒrƒ‹ƒh] INFO  o.a.m.s.f.DefaultMavenResourcesFiltering - Copying 0 resource from src\main\resources to target\classes
2025-02-04 12:52:19,642 [Worker-8: ƒrƒ‹ƒh] INFO  o.a.m.s.f.DefaultMavenResourcesFiltering - Copying 0 resource from src\main\resources to target\classes
2025-02-04 12:52:19,644 [Worker-8: ƒrƒ‹ƒh] INFO  o.a.m.s.f.DefaultMavenResourcesFiltering - skip non existing resourceDirectory C:\kadai_002\kadai_002\samuraitravel\src\test\resources
2025-02-04 12:52:39,539 [Worker-9: ƒrƒ‹ƒh] INFO  o.a.m.s.f.DefaultMavenResourcesFiltering - Copying 0 resource from src\main\resources to target\classes
2025-02-04 12:52:39,544 [Worker-9: ƒrƒ‹ƒh] INFO  o.a.m.s.f.DefaultMavenResourcesFiltering - Copying 0 resource from src\main\resources to target\classes
2025-02-04 12:52:39,546 [Worker-9: ƒrƒ‹ƒh] INFO  o.a.m.s.f.DefaultMavenResourcesFiltering - skip non existing resourceDirectory C:\kadai_002\kadai_002\samuraitravel\src\test\resources
2025-02-04 12:52:43,636 [Worker-6: ƒrƒ‹ƒh] INFO  o.a.m.s.f.DefaultMavenResourcesFiltering - Copying 0 resource from src\main\resources to target\classes
2025-02-04 12:52:43,641 [Worker-6: ƒrƒ‹ƒh] INFO  o.a.m.s.f.DefaultMavenResourcesFiltering - Copying 0 resource from src\main\resources to target\classes
2025-02-04 12:52:43,643 [Worker-6: ƒrƒ‹ƒh] INFO  o.a.m.s.f.DefaultMavenResourcesFiltering - skip non existing resourceDirectory C:\kadai_002\kadai_002\samuraitravel\src\test\resources
2025-02-04 12:55:50,129 [Worker-1: Loading available Gradle versions] INFO  o.e.b.c.i.u.g.PublishedGradleVersions - Gradle version information cache is up-to-date. Trying to read.
2025-02-04 12:56:00,129 [Worker-0: ƒrƒ‹ƒh] INFO  o.a.m.s.f.DefaultMavenResourcesFiltering - Copying 2 resources from src\main\resources to target\classes
2025-02-04 12:56:00,140 [Worker-0: ƒrƒ‹ƒh] INFO  o.a.m.s.f.DefaultMavenResourcesFiltering - Copying 37 resources from src\main\resources to target\classes
2025-02-04 12:56:00,177 [Worker-0: ƒrƒ‹ƒh] INFO  o.a.m.s.f.DefaultMavenResourcesFiltering - skip non existing resourceDirectory C:\kadai_002\kadai_002\samuraitravel\src\test\resources
2025-02-04 12:56:04,552 [Worker-5: ƒrƒ‹ƒh] INFO  o.a.m.s.f.DefaultMavenResourcesFiltering - Copying 0 resource from src\main\resources to target\classes
2025-02-04 12:56:04,558 [Worker-5: ƒrƒ‹ƒh] INFO  o.a.m.s.f.DefaultMavenResourcesFiltering - Copying 0 resource from src\main\resources to target\classes
2025-02-04 12:56:04,560 [Worker-5: ƒrƒ‹ƒh] INFO  o.a.m.s.f.DefaultMavenResourcesFiltering - skip non existing resourceDirectory C:\kadai_002\kadai_002\samuraitravel\src\test\resources
2025-02-04 15:43:13,003 [Worker-6: Loading available Gradle versions] INFO  o.e.b.c.i.u.g.PublishedGradleVersions - Gradle version information cache is out-of-date. Trying to update.
2025-02-04 19:06:21,215 [Worker-2: Loading available Gradle versions] INFO  o.e.b.c.i.u.g.PublishedGradleVersions - Gradle version information cache is up-to-date. Trying to read.
2025-02-04 19:50:35,011 [Worker-4: Loading available Gradle versions] INFO  o.e.b.c.i.u.g.PublishedGradleVersions - Gradle version information cache is up-to-date. Trying to read.
2025-02-04 20:35:01,674 [Worker-14: ƒrƒ‹ƒh] INFO  o.a.m.s.f.DefaultMavenResourcesFiltering - Copying 2 resources from src\main\resources to target\classes
2025-02-04 20:35:01,711 [Worker-14: ƒrƒ‹ƒh] INFO  o.a.m.s.f.DefaultMavenResourcesFiltering - Copying 37 resources from src\main\resources to target\classes
2025-02-04 20:35:01,728 [Worker-14: ƒrƒ‹ƒh] INFO  o.a.m.s.f.DefaultMavenResourcesFiltering - skip non existing resourceDirectory C:\kadai_002\kadai_002\samuraitravel\src\test\resources
2025-02-04 20:36:57,826 [Worker-5: ƒrƒ‹ƒh] INFO  o.a.m.s.f.DefaultMavenResourcesFiltering - Copying 0 resource from src\main\resources to target\classes
2025-02-04 20:36:57,832 [Worker-5: ƒrƒ‹ƒh] INFO  o.a.m.s.f.DefaultMavenResourcesFiltering - Copying 1 resource from src\main\resources to target\classes
2025-02-04 20:36:57,836 [Worker-5: ƒrƒ‹ƒh] INFO  o.a.m.s.f.DefaultMavenResourcesFiltering - skip non existing resourceDirectory C:\kadai_002\kadai_002\samuraitravel\src\test\resources
2025-02-05 14:34:19,577 [Worker-4: Loading available Gradle versions] INFO  o.e.b.c.i.u.g.PublishedGradleVersions - Gradle version information cache is up-to-date. Trying to read.
2025-02-05 14:38:21,206 [Worker-14: ƒrƒ‹ƒh] INFO  o.a.m.s.f.DefaultMavenResourcesFiltering - Copying 2 resources from src\main\resources to target\classes
2025-02-05 14:38:21,219 [Worker-14: ƒrƒ‹ƒh] INFO  o.a.m.s.f.DefaultMavenResourcesFiltering - Copying 37 resources from src\main\resources to target\classes
2025-02-05 14:38:21,233 [Worker-14: ƒrƒ‹ƒh] INFO  o.a.m.s.f.DefaultMavenResourcesFiltering - skip non existing resourceDirectory C:\kadai_002\kadai_002\samuraitravel\src\test\resources
2025-02-05 14:44:16,871 [Worker-15: ƒrƒ‹ƒh] INFO  o.a.m.s.f.DefaultMavenResourcesFiltering - Copying 2 resources from src\main\resources to target\classes
2025-02-05 14:44:16,877 [Worker-15: ƒrƒ‹ƒh] INFO  o.a.m.s.f.DefaultMavenResourcesFiltering - Copying 37 resources from src\main\resources to target\classes
2025-02-05 14:44:16,887 [Worker-15: ƒrƒ‹ƒh] INFO  o.a.m.s.f.DefaultMavenResourcesFiltering - skip non existing resourceDirectory C:\kadai_002\kadai_002\samuraitravel\src\test\resources
2025-02-05 15:29:12,419 [Worker-14: ƒrƒ‹ƒh] INFO  o.a.m.s.f.DefaultMavenResourcesFiltering - Copying 2 resources from src\main\resources to target\classes
2025-02-05 15:29:12,433 [Worker-14: ƒrƒ‹ƒh] INFO  o.a.m.s.f.DefaultMavenResourcesFiltering - Copying 37 resources from src\main\resources to target\classes
2025-02-05 15:29:12,447 [Worker-14: ƒrƒ‹ƒh] INFO  o.a.m.s.f.DefaultMavenResourcesFiltering - skip non existing resourceDirectory C:\kadai_002\kadai_002\samuraitravel\src\test\resources
2025-02-05 15:31:44,523 [Worker-14: ƒrƒ‹ƒh] INFO  o.a.m.s.f.DefaultMavenResourcesFiltering - Copying 2 resources from src\main\resources to target\classes
2025-02-05 15:31:44,530 [Worker-14: ƒrƒ‹ƒh] INFO  o.a.m.s.f.DefaultMavenResourcesFiltering - Copying 37 resources from src\main\resources to target\classes
2025-02-05 15:31:44,541 [Worker-14: ƒrƒ‹ƒh] INFO  o.a.m.s.f.DefaultMavenResourcesFiltering - skip non existing resourceDirectory C:\kadai_002\kadai_002\samuraitravel\src\test\resources
2025-02-05 15:32:12,574 [Worker-3: ƒrƒ‹ƒh] INFO  o.a.m.s.f.DefaultMavenResourcesFiltering - Copying 2 resources from src\main\resources to target\classes
2025-02-05 15:32:12,584 [Worker-3: ƒrƒ‹ƒh] INFO  o.a.m.s.f.DefaultMavenResourcesFiltering - Copying 37 resources from src\main\resources to target\classes
2025-02-05 15:32:12,595 [Worker-3: ƒrƒ‹ƒh] INFO  o.a.m.s.f.DefaultMavenResourcesFiltering - skip non existing resourceDirectory C:\kadai_002\kadai_002\samuraitravel\src\test\resources
2025-02-05 15:32:23,790 [Worker-19: ƒrƒ‹ƒh] INFO  o.a.m.s.f.DefaultMavenResourcesFiltering - Copying 2 resources from src\main\resources to target\classes
2025-02-05 15:32:23,797 [Worker-19: ƒrƒ‹ƒh] INFO  o.a.m.s.f.DefaultMavenResourcesFiltering - Copying 37 resources from src\main\resources to target\classes
2025-02-05 15:32:23,808 [Worker-19: ƒrƒ‹ƒh] INFO  o.a.m.s.f.DefaultMavenResourcesFiltering - skip non existing resourceDirectory C:\kadai_002\kadai_002\samuraitravel\src\test\resources
2025-02-05 16:12:26,543 [Worker-22: ƒrƒ‹ƒh] INFO  o.a.m.s.f.DefaultMavenResourcesFiltering - Copying 0 resource from src\main\resources to target\classes
2025-02-05 16:12:26,550 [Worker-22: ƒrƒ‹ƒh] INFO  o.a.m.s.f.DefaultMavenResourcesFiltering - Copying 1 resource from src\main\resources to target\classes
2025-02-05 16:12:26,554 [Worker-22: ƒrƒ‹ƒh] INFO  o.a.m.s.f.DefaultMavenResourcesFiltering - skip non existing resourceDirectory C:\kadai_002\kadai_002\samuraitravel\src\test\resources
2025-02-05 16:13:21,502 [Worker-24: ƒrƒ‹ƒh] INFO  o.a.m.s.f.DefaultMavenResourcesFiltering - Copying 0 resource from src\main\resources to target\classes
2025-02-05 16:13:21,508 [Worker-24: ƒrƒ‹ƒh] INFO  o.a.m.s.f.DefaultMavenResourcesFiltering - Copying 1 resource from src\main\resources to target\classes
2025-02-05 16:13:21,511 [Worker-24: ƒrƒ‹ƒh] INFO  o.a.m.s.f.DefaultMavenResourcesFiltering - skip non existing resourceDirectory C:\kadai_002\kadai_002\samuraitravel\src\test\resources
2025-02-05 17:04:50,490 [Worker-27: ƒrƒ‹ƒh] INFO  o.a.m.s.f.DefaultMavenResourcesFiltering - Copying 2 resources from src\main\resources to target\classes
2025-02-05 17:04:50,513 [Worker-27: ƒrƒ‹ƒh] INFO  o.a.m.s.f.DefaultMavenResourcesFiltering - Copying 37 resources from src\main\resources to target\classes
2025-02-05 17:04:50,525 [Worker-27: ƒrƒ‹ƒh] INFO  o.a.m.s.f.DefaultMavenResourcesFiltering - skip non existing resourceDirectory C:\kadai_002\kadai_002\samuraitravel\src\test\resources
2025-02-05 17:26:20,408 [Worker-31: ƒrƒ‹ƒh] INFO  o.a.m.s.f.DefaultMavenResourcesFiltering - Copying 2 resources from src\main\resources to target\classes
2025-02-05 17:26:20,415 [Worker-31: ƒrƒ‹ƒh] INFO  o.a.m.s.f.DefaultMavenResourcesFiltering - Copying 37 resources from src\main\resources to target\classes
2025-02-05 17:26:20,426 [Worker-31: ƒrƒ‹ƒh] INFO  o.a.m.s.f.DefaultMavenResourcesFiltering - skip non existing resourceDirectory C:\kadai_002\kadai_002\samuraitravel\src\test\resources
2025-02-05 17:36:49,344 [Worker-14: ƒrƒ‹ƒh] INFO  o.a.m.s.f.DefaultMavenResourcesFiltering - Copying 2 resources from src\main\resources to target\classes
2025-02-05 17:36:49,353 [Worker-14: ƒrƒ‹ƒh] INFO  o.a.m.s.f.DefaultMavenResourcesFiltering - Copying 37 resources from src\main\resources to target\classes
2025-02-05 17:36:49,362 [Worker-14: ƒrƒ‹ƒh] INFO  o.a.m.s.f.DefaultMavenResourcesFiltering - skip non existing resourceDirectory C:\kadai_002\kadai_002\samuraitravel\src\test\resources
2025-02-05 17:39:28,442 [Worker-32: ƒrƒ‹ƒh] INFO  o.a.m.s.f.DefaultMavenResourcesFiltering - Copying 2 resources from src\main\resources to target\classes
2025-02-05 17:39:28,448 [Worker-32: ƒrƒ‹ƒh] INFO  o.a.m.s.f.DefaultMavenResourcesFiltering - Copying 37 resources from src\main\resources to target\classes
2025-02-05 17:39:28,458 [Worker-32: ƒrƒ‹ƒh] INFO  o.a.m.s.f.DefaultMavenResourcesFiltering - skip non existing resourceDirectory C:\kadai_002\kadai_002\samuraitravel\src\test\resources
2025-02-05 17:42:51,089 [Worker-31: ƒrƒ‹ƒh] INFO  o.a.m.s.f.DefaultMavenResourcesFiltering - Copying 2 resources from src\main\resources to target\classes
2025-02-05 17:42:51,096 [Worker-31: ƒrƒ‹ƒh] INFO  o.a.m.s.f.DefaultMavenResourcesFiltering - Copying 37 resources from src\main\resources to target\classes
2025-02-05 17:42:51,106 [Worker-31: ƒrƒ‹ƒh] INFO  o.a.m.s.f.DefaultMavenResourcesFiltering - skip non existing resourceDirectory C:\kadai_002\kadai_002\samuraitravel\src\test\resources
2025-02-06 12:42:31,004 [Worker-50: ƒrƒ‹ƒh] INFO  o.a.m.s.f.DefaultMavenResourcesFiltering - Copying 2 resources from src\main\resources to target\classes
2025-02-06 12:42:31,030 [Worker-50: ƒrƒ‹ƒh] INFO  o.a.m.s.f.DefaultMavenResourcesFiltering - Copying 37 resources from src\main\resources to target\classes
2025-02-06 12:42:31,041 [Worker-50: ƒrƒ‹ƒh] INFO  o.a.m.s.f.DefaultMavenResourcesFiltering - skip non existing resourceDirectory C:\kadai_002\kadai_002\samuraitravel\src\test\resources
2025-02-06 12:42:42,943 [Worker-57: ƒrƒ‹ƒh] INFO  o.a.m.s.f.DefaultMavenResourcesFiltering - Copying 2 resources from src\main\resources to target\classes
2025-02-06 12:42:42,950 [Worker-57: ƒrƒ‹ƒh] INFO  o.a.m.s.f.DefaultMavenResourcesFiltering - Copying 37 resources from src\main\resources to target\classes
2025-02-06 12:42:42,959 [Worker-57: ƒrƒ‹ƒh] INFO  o.a.m.s.f.DefaultMavenResourcesFiltering - skip non existing resourceDirectory C:\kadai_002\kadai_002\samuraitravel\src\test\resources
2025-02-06 12:43:56,207 [Worker-50: ƒrƒ‹ƒh] INFO  o.a.m.s.f.DefaultMavenResourcesFiltering - Copying 2 resources from src\main\resources to target\classes
2025-02-06 12:43:56,213 [Worker-50: ƒrƒ‹ƒh] INFO  o.a.m.s.f.DefaultMavenResourcesFiltering - Copying 37 resources from src\main\resources to target\classes
2025-02-06 12:43:56,224 [Worker-50: ƒrƒ‹ƒh] INFO  o.a.m.s.f.DefaultMavenResourcesFiltering - skip non existing resourceDirectory C:\kadai_002\kadai_002\samuraitravel\src\test\resources
2025-02-06 12:44:17,096 [Worker-53: ƒrƒ‹ƒh] INFO  o.a.m.s.f.DefaultMavenResourcesFiltering - Copying 2 resources from src\main\resources to target\classes
2025-02-06 12:44:17,103 [Worker-53: ƒrƒ‹ƒh] INFO  o.a.m.s.f.DefaultMavenResourcesFiltering - Copying 37 resources from src\main\resources to target\classes
2025-02-06 12:44:17,111 [Worker-53: ƒrƒ‹ƒh] INFO  o.a.m.s.f.DefaultMavenResourcesFiltering - skip non existing resourceDirectory C:\kadai_002\kadai_002\samuraitravel\src\test\resources
2025-02-06 13:29:15,906 [Worker-58: ƒrƒ‹ƒh] INFO  o.a.m.s.f.DefaultMavenResourcesFiltering - Copying 2 resources from src\main\resources to target\classes
2025-02-06 13:29:15,912 [Worker-58: ƒrƒ‹ƒh] INFO  o.a.m.s.f.DefaultMavenResourcesFiltering - Copying 37 resources from src\main\resources to target\classes
2025-02-06 13:29:15,921 [Worker-58: ƒrƒ‹ƒh] INFO  o.a.m.s.f.DefaultMavenResourcesFiltering - skip non existing resourceDirectory C:\kadai_002\kadai_002\samuraitravel\src\test\resources
2025-02-06 13:29:39,134 [Worker-60: ƒrƒ‹ƒh] INFO  o.a.m.s.f.DefaultMavenResourcesFiltering - Copying 2 resources from src\main\resources to target\classes
2025-02-06 13:29:39,141 [Worker-60: ƒrƒ‹ƒh] INFO  o.a.m.s.f.DefaultMavenResourcesFiltering - Copying 37 resources from src\main\resources to target\classes
2025-02-06 13:29:39,152 [Worker-60: ƒrƒ‹ƒh] INFO  o.a.m.s.f.DefaultMavenResourcesFiltering - skip non existing resourceDirectory C:\kadai_002\kadai_002\samuraitravel\src\test\resources
2025-02-06 13:30:29,891 [Worker-58: ƒrƒ‹ƒh] INFO  o.a.m.s.f.DefaultMavenResourcesFiltering - Copying 2 resources from src\main\resources to target\classes
2025-02-06 13:30:29,897 [Worker-58: ƒrƒ‹ƒh] INFO  o.a.m.s.f.DefaultMavenResourcesFiltering - Copying 37 resources from src\main\resources to target\classes
2025-02-06 13:30:29,907 [Worker-58: ƒrƒ‹ƒh] INFO  o.a.m.s.f.DefaultMavenResourcesFiltering - skip non existing resourceDirectory C:\kadai_002\kadai_002\samuraitravel\src\test\resources
2025-02-06 13:31:49,224 [Worker-62: ƒrƒ‹ƒh] INFO  o.a.m.s.f.DefaultMavenResourcesFiltering - Copying 2 resources from src\main\resources to target\classes
2025-02-06 13:31:49,233 [Worker-62: ƒrƒ‹ƒh] INFO  o.a.m.s.f.DefaultMavenResourcesFiltering - Copying 37 resources from src\main\resources to target\classes
2025-02-06 13:31:49,245 [Worker-62: ƒrƒ‹ƒh] INFO  o.a.m.s.f.DefaultMavenResourcesFiltering - skip non existing resourceDirectory C:\kadai_002\kadai_002\samuraitravel\src\test\resources
2025-02-06 13:41:00,650 [Worker-60: ƒrƒ‹ƒh] INFO  o.a.m.s.f.DefaultMavenResourcesFiltering - Copying 2 resources from src\main\resources to target\classes
2025-02-06 13:41:00,658 [Worker-60: ƒrƒ‹ƒh] INFO  o.a.m.s.f.DefaultMavenResourcesFiltering - Copying 37 resources from src\main\resources to target\classes
2025-02-06 13:41:00,669 [Worker-60: ƒrƒ‹ƒh] INFO  o.a.m.s.f.DefaultMavenResourcesFiltering - skip non existing resourceDirectory C:\kadai_002\kadai_002\samuraitravel\src\test\resources
2025-02-06 13:49:05,232 [Worker-4: Loading available Gradle versions] INFO  o.e.b.c.i.u.g.PublishedGradleVersions - Gradle version information cache is out-of-date. Trying to update.
2025-02-06 14:14:21,377 [Worker-22: ƒrƒ‹ƒh] INFO  o.a.m.s.f.DefaultMavenResourcesFiltering - Copying 2 resources from src\main\resources to target\classes
2025-02-06 14:14:21,398 [Worker-22: ƒrƒ‹ƒh] INFO  o.a.m.s.f.DefaultMavenResourcesFiltering - Copying 37 resources from src\main\resources to target\classes
2025-02-06 14:14:21,423 [Worker-22: ƒrƒ‹ƒh] INFO  o.a.m.s.f.DefaultMavenResourcesFiltering - skip non existing resourceDirectory C:\kadai_002\kadai_002\samuraitravel\src\test\resources
2025-02-06 14:27:29,069 [Worker-23: ƒrƒ‹ƒh] INFO  o.a.m.s.f.DefaultMavenResourcesFiltering - Copying 0 resource from src\main\resources to target\classes
2025-02-06 14:27:29,076 [Worker-23: ƒrƒ‹ƒh] INFO  o.a.m.s.f.DefaultMavenResourcesFiltering - Copying 1 resource from src\main\resources to target\classes
2025-02-06 14:27:29,079 [Worker-23: ƒrƒ‹ƒh] INFO  o.a.m.s.f.DefaultMavenResourcesFiltering - skip non existing resourceDirectory C:\kadai_002\kadai_002\samuraitravel\src\test\resources
2025-02-06 14:27:47,484 [Worker-21: ƒrƒ‹ƒh] INFO  o.a.m.s.f.DefaultMavenResourcesFiltering - Copying 2 resources from src\main\resources to target\classes
2025-02-06 14:27:47,492 [Worker-21: ƒrƒ‹ƒh] INFO  o.a.m.s.f.DefaultMavenResourcesFiltering - Copying 37 resources from src\main\resources to target\classes
2025-02-06 14:27:47,505 [Worker-21: ƒrƒ‹ƒh] INFO  o.a.m.s.f.DefaultMavenResourcesFiltering - skip non existing resourceDirectory C:\kadai_002\kadai_002\samuraitravel\src\test\resources
2025-02-06 14:27:51,155 [Worker-24: samuraitravel - SamuraitravelApplication ‚̀‹N“®] INFO  o.a.m.s.f.DefaultMavenResourcesFiltering - Copying 2 resources from src\main\resources to target\classes
2025-02-06 14:27:51,162 [Worker-24: samuraitravel - SamuraitravelApplication ‚̀‹N“®] INFO  o.a.m.s.f.DefaultMavenResourcesFiltering - Copying 37 resources from src\main\resources to target\classes
2025-02-06 14:27:51,175 [Worker-24: samuraitravel - SamuraitravelApplication ‚̀‹N“®] INFO  o.a.m.s.f.DefaultMavenResourcesFiltering - skip non existing resourceDirectory C:\kadai_002\kadai_002\samuraitravel\src\test\resources
2025-02-06 14:47:34,042 [Worker-29: ƒrƒ‹ƒh] INFO  o.a.m.s.f.DefaultMavenResourcesFiltering - Copying 2 resources from src\main\resources to target\classes
2025-02-06 14:47:34,052 [Worker-29: ƒrƒ‹ƒh] INFO  o.a.m.s.f.DefaultMavenResourcesFiltering - Copying 37 resources from src\main\resources to target\classes
2025-02-06 14:47:34,063 [Worker-29: ƒrƒ‹ƒh] INFO  o.a.m.s.f.DefaultMavenResourcesFiltering - skip non existing resourceDirectory C:\kadai_002\kadai_002\samuraitravel\src\test\resources
2025-02-06 14:55:10,648 [Worker-28: ƒrƒ‹ƒh] INFO  o.a.m.s.f.DefaultMavenResourcesFiltering - Copying 2 resources from src\main\resources to target\classes
2025-02-06 14:55:10,659 [Worker-28: ƒrƒ‹ƒh] INFO  o.a.m.s.f.DefaultMavenResourcesFiltering - Copying 37 resources from src\main\resources to target\classes
2025-02-06 14:55:10,669 [Worker-28: ƒrƒ‹ƒh] INFO  o.a.m.s.f.DefaultMavenResourcesFiltering - skip non existing resourceDirectory C:\kadai_002\kadai_002\samuraitravel\src\test\resources
2025-02-06 15:07:35,534 [Worker-24: ƒrƒ‹ƒh] INFO  o.a.m.s.f.DefaultMavenResourcesFiltering - Copying 2 resources from src\main\resources to target\classes
2025-02-06 15:07:35,540 [Worker-24: ƒrƒ‹ƒh] INFO  o.a.m.s.f.DefaultMavenResourcesFiltering - Copying 37 resources from src\main\resources to target\classes
2025-02-06 15:07:35,551 [Worker-24: ƒrƒ‹ƒh] INFO  o.a.m.s.f.DefaultMavenResourcesFiltering - skip non existing resourceDirectory C:\kadai_002\kadai_002\samuraitravel\src\test\resources
2025-02-06 15:16:58,518 [Worker-28: ƒrƒ‹ƒh] INFO  o.a.m.s.f.DefaultMavenResourcesFiltering - Copying 0 resource from src\main\resources to target\classes
2025-02-06 15:16:58,525 [Worker-28: ƒrƒ‹ƒh] INFO  o.a.m.s.f.DefaultMavenResourcesFiltering - Copying 1 resource from src\main\resources to target\classes
2025-02-06 15:16:58,529 [Worker-28: ƒrƒ‹ƒh] INFO  o.a.m.s.f.DefaultMavenResourcesFiltering - skip non existing resourceDirectory C:\kadai_002\kadai_002\samuraitravel\src\test\resources
2025-02-06 15:30:08,046 [Worker-28: ƒrƒ‹ƒh] INFO  o.a.m.s.f.DefaultMavenResourcesFiltering - Copying 0 resource from src\main\resources to target\classes
2025-02-06 15:30:08,053 [Worker-28: ƒrƒ‹ƒh] INFO  o.a.m.s.f.DefaultMavenResourcesFiltering - Copying 1 resource from src\main\resources to target\classes
2025-02-06 15:30:08,056 [Worker-28: ƒrƒ‹ƒh] INFO  o.a.m.s.f.DefaultMavenResourcesFiltering - skip non existing resourceDirectory C:\kadai_002\kadai_002\samuraitravel\src\test\resources
2025-02-06 15:30:49,583 [Worker-36: ƒrƒ‹ƒh] INFO  o.a.m.s.f.DefaultMavenResourcesFiltering - Copying 2 resources from src\main\resources to target\classes
2025-02-06 15:30:49,592 [Worker-36: ƒrƒ‹ƒh] INFO  o.a.m.s.f.DefaultMavenResourcesFiltering - Copying 38 resources from src\main\resources to target\classes
2025-02-06 15:30:49,604 [Worker-36: ƒrƒ‹ƒh] INFO  o.a.m.s.f.DefaultMavenResourcesFiltering - skip non existing resourceDirectory C:\kadai_002\kadai_002\samuraitravel\src\test\resources
2025-02-06 15:30:54,323 [Worker-36: ƒrƒ‹ƒh] INFO  o.a.m.s.f.DefaultMavenResourcesFiltering - Copying 2 resources from src\main\resources to target\classes
2025-02-06 15:30:54,330 [Worker-36: ƒrƒ‹ƒh] INFO  o.a.m.s.f.DefaultMavenResourcesFiltering - Copying 38 resources from src\main\resources to target\classes
2025-02-06 15:30:54,339 [Worker-36: ƒrƒ‹ƒh] INFO  o.a.m.s.f.DefaultMavenResourcesFiltering - skip non existing resourceDirectory C:\kadai_002\kadai_002\samuraitravel\src\test\resources
2025-02-06 15:32:19,492 [Worker-36: ƒrƒ‹ƒh] INFO  o.a.m.s.f.DefaultMavenResourcesFiltering - Copying 2 resources from src\main\resources to target\classes
2025-02-06 15:32:19,500 [Worker-36: ƒrƒ‹ƒh] INFO  o.a.m.s.f.DefaultMavenResourcesFiltering - Copying 38 resources from src\main\resources to target\classes
2025-02-06 15:32:19,510 [Worker-36: ƒrƒ‹ƒh] INFO  o.a.m.s.f.DefaultMavenResourcesFiltering - skip non existing resourceDirectory C:\kadai_002\kadai_002\samuraitravel\src\test\resources
2025-02-06 15:33:05,946 [Worker-37: ƒrƒ‹ƒh] INFO  o.a.m.s.f.DefaultMavenResourcesFiltering - Copying 2 resources from src\main\resources to target\classes
2025-02-06 15:33:05,955 [Worker-37: ƒrƒ‹ƒh] INFO  o.a.m.s.f.DefaultMavenResourcesFiltering - Copying 38 resources from src\main\resources to target\classes
2025-02-06 15:33:05,966 [Worker-37: ƒrƒ‹ƒh] INFO  o.a.m.s.f.DefaultMavenResourcesFiltering - skip non existing resourceDirectory C:\kadai_002\kadai_002\samuraitravel\src\test\resources
2025-02-06 15:36:42,965 [Worker-28: ƒrƒ‹ƒh] INFO  o.a.m.s.f.DefaultMavenResourcesFiltering - Copying 2 resources from src\main\resources to target\classes
2025-02-06 15:36:42,974 [Worker-28: ƒrƒ‹ƒh] INFO  o.a.m.s.f.DefaultMavenResourcesFiltering - Copying 38 resources from src\main\resources to target\classes
2025-02-06 15:36:42,985 [Worker-28: ƒrƒ‹ƒh] INFO  o.a.m.s.f.DefaultMavenResourcesFiltering - skip non existing resourceDirectory C:\kadai_002\kadai_002\samuraitravel\src\test\resources
2025-02-06 15:47:01,916 [Worker-37: ƒrƒ‹ƒh] INFO  o.a.m.s.f.DefaultMavenResourcesFiltering - Copying 2 resources from src\main\resources to target\classes
2025-02-06 15:47:01,925 [Worker-37: ƒrƒ‹ƒh] INFO  o.a.m.s.f.DefaultMavenResourcesFiltering - Copying 38 resources from src\main\resources to target\classes
2025-02-06 15:47:01,937 [Worker-37: ƒrƒ‹ƒh] INFO  o.a.m.s.f.DefaultMavenResourcesFiltering - skip non existing resourceDirectory C:\kadai_002\kadai_002\samuraitravel\src\test\resources
2025-02-06 15:50:16,675 [Worker-33: ƒrƒ‹ƒh] INFO  o.a.m.s.f.DefaultMavenResourcesFiltering - Copying 2 resources from src\main\resources to target\classes
2025-02-06 15:50:16,681 [Worker-33: ƒrƒ‹ƒh] INFO  o.a.m.s.f.DefaultMavenResourcesFiltering - Copying 38 resources from src\main\resources to target\classes
2025-02-06 15:50:16,693 [Worker-33: ƒrƒ‹ƒh] INFO  o.a.m.s.f.DefaultMavenResourcesFiltering - skip non existing resourceDirectory C:\kadai_002\kadai_002\samuraitravel\src\test\resources
2025-02-06 15:50:40,776 [Worker-36: ƒrƒ‹ƒh] INFO  o.a.m.s.f.DefaultMavenResourcesFiltering - Copying 2 resources from src\main\resources to target\classes
2025-02-06 15:50:40,782 [Worker-36: ƒrƒ‹ƒh] INFO  o.a.m.s.f.DefaultMavenResourcesFiltering - Copying 38 resources from src\main\resources to target\classes
2025-02-06 15:50:40,792 [Worker-36: ƒrƒ‹ƒh] INFO  o.a.m.s.f.DefaultMavenResourcesFiltering - skip non existing resourceDirectory C:\kadai_002\kadai_002\samuraitravel\src\test\resources
2025-02-06 15:50:54,831 [Worker-39: ƒrƒ‹ƒh] INFO  o.a.m.s.f.DefaultMavenResourcesFiltering - Copying 2 resources from src\main\resources to target\classes
2025-02-06 15:50:54,839 [Worker-39: ƒrƒ‹ƒh] INFO  o.a.m.s.f.DefaultMavenResourcesFiltering - Copying 38 resources from src\main\resources to target\classes
2025-02-06 15:50:54,853 [Worker-39: ƒrƒ‹ƒh] INFO  o.a.m.s.f.DefaultMavenResourcesFiltering - skip non existing resourceDirectory C:\kadai_002\kadai_002\samuraitravel\src\test\resources
2025-02-06 16:21:52,354 [Worker-42: ƒrƒ‹ƒh] INFO  o.a.m.s.f.DefaultMavenResourcesFiltering - Copying 2 resources from src\main\resources to target\classes
2025-02-06 16:21:52,363 [Worker-42: ƒrƒ‹ƒh] INFO  o.a.m.s.f.DefaultMavenResourcesFiltering - Copying 38 resources from src\main\resources to target\classes
2025-02-06 16:21:52,374 [Worker-42: ƒrƒ‹ƒh] INFO  o.a.m.s.f.DefaultMavenResourcesFiltering - skip non existing resourceDirectory C:\kadai_002\kadai_002\samuraitravel\src\test\resources
2025-02-06 16:26:16,035 [Worker-44: ƒrƒ‹ƒh] INFO  o.a.m.s.f.DefaultMavenResourcesFiltering - Copying 0 resource from src\main\resources to target\classes
2025-02-06 16:26:16,042 [Worker-44: ƒrƒ‹ƒh] INFO  o.a.m.s.f.DefaultMavenResourcesFiltering - Copying 1 resource from src\main\resources to target\classes
2025-02-06 16:26:16,046 [Worker-44: ƒrƒ‹ƒh] INFO  o.a.m.s.f.DefaultMavenResourcesFiltering - skip non existing resourceDirectory C:\kadai_002\kadai_002\samuraitravel\src\test\resources
2025-02-06 16:30:13,408 [Worker-47: ƒrƒ‹ƒh] INFO  o.a.m.s.f.DefaultMavenResourcesFiltering - Copying 2 resources from src\main\resources to target\classes
2025-02-06 16:30:13,418 [Worker-47: ƒrƒ‹ƒh] INFO  o.a.m.s.f.DefaultMavenResourcesFiltering - Copying 38 resources from src\main\resources to target\classes
2025-02-06 16:30:13,429 [Worker-47: ƒrƒ‹ƒh] INFO  o.a.m.s.f.DefaultMavenResourcesFiltering - skip non existing resourceDirectory C:\kadai_002\kadai_002\samuraitravel\src\test\resources
2025-02-06 16:36:36,878 [Worker-48: ƒrƒ‹ƒh] INFO  o.a.m.s.f.DefaultMavenResourcesFiltering - Copying 2 resources from src\main\resources to target\classes
2025-02-06 16:36:36,889 [Worker-48: ƒrƒ‹ƒh] INFO  o.a.m.s.f.DefaultMavenResourcesFiltering - Copying 38 resources from src\main\resources to target\classes
2025-02-06 16:36:36,898 [Worker-48: ƒrƒ‹ƒh] INFO  o.a.m.s.f.DefaultMavenResourcesFiltering - skip non existing resourceDirectory C:\kadai_002\kadai_002\samuraitravel\src\test\resources
2025-02-06 16:39:40,495 [Worker-50: ƒrƒ‹ƒh] INFO  o.a.m.s.f.DefaultMavenResourcesFiltering - Copying 2 resources from src\main\resources to target\classes
2025-02-06 16:39:40,505 [Worker-50: ƒrƒ‹ƒh] INFO  o.a.m.s.f.DefaultMavenResourcesFiltering - Copying 38 resources from src\main\resources to target\classes
2025-02-06 16:39:40,515 [Worker-50: ƒrƒ‹ƒh] INFO  o.a.m.s.f.DefaultMavenResourcesFiltering - skip non existing resourceDirectory C:\kadai_002\kadai_002\samuraitravel\src\test\resources
2025-02-06 16:56:23,654 [Worker-48: ƒrƒ‹ƒh] INFO  o.a.m.s.f.DefaultMavenResourcesFiltering - Copying 0 resource from src\main\resources to target\classes
2025-02-06 16:56:23,659 [Worker-48: ƒrƒ‹ƒh] INFO  o.a.m.s.f.DefaultMavenResourcesFiltering - Copying 1 resource from src\main\resources to target\classes
2025-02-06 16:56:23,662 [Worker-48: ƒrƒ‹ƒh] INFO  o.a.m.s.f.DefaultMavenResourcesFiltering - skip non existing resourceDirectory C:\kadai_002\kadai_002\samuraitravel\src\test\resources
2025-02-06 16:56:56,722 [Worker-47: ƒrƒ‹ƒh] INFO  o.a.m.s.f.DefaultMavenResourcesFiltering - Copying 2 resources from src\main\resources to target\classes
2025-02-06 16:56:56,731 [Worker-47: ƒrƒ‹ƒh] INFO  o.a.m.s.f.DefaultMavenResourcesFiltering - Copying 38 resources from src\main\resources to target\classes
2025-02-06 16:56:56,742 [Worker-47: ƒrƒ‹ƒh] INFO  o.a.m.s.f.DefaultMavenResourcesFiltering - skip non existing resourceDirectory C:\kadai_002\kadai_002\samuraitravel\src\test\resources
2025-02-06 16:57:55,689 [Worker-48: ƒrƒ‹ƒh] INFO  o.a.m.s.f.DefaultMavenResourcesFiltering - Copying 2 resources from src\main\resources to target\classes
2025-02-06 16:57:55,698 [Worker-48: ƒrƒ‹ƒh] INFO  o.a.m.s.f.DefaultMavenResourcesFiltering - Copying 38 resources from src\main\resources to target\classes
2025-02-06 16:57:55,708 [Worker-48: ƒrƒ‹ƒh] INFO  o.a.m.s.f.DefaultMavenResourcesFiltering - skip non existing resourceDirectory C:\kadai_002\kadai_002\samuraitravel\src\test\resources
2025-02-06 16:58:12,905 [Worker-47: ƒrƒ‹ƒh] INFO  o.a.m.s.f.DefaultMavenResourcesFiltering - Copying 2 resources from src\main\resources to target\classes
2025-02-06 16:58:12,918 [Worker-47: ƒrƒ‹ƒh] INFO  o.a.m.s.f.DefaultMavenResourcesFiltering - Copying 38 resources from src\main\resources to target\classes
2025-02-06 16:58:12,928 [Worker-47: ƒrƒ‹ƒh] INFO  o.a.m.s.f.DefaultMavenResourcesFiltering - skip non existing resourceDirectory C:\kadai_002\kadai_002\samuraitravel\src\test\resources
2025-02-06 16:59:58,925 [Worker-55: ƒrƒ‹ƒh] INFO  o.a.m.s.f.DefaultMavenResourcesFiltering - Copying 2 resources from src\main\resources to target\classes
2025-02-06 16:59:58,935 [Worker-55: ƒrƒ‹ƒh] INFO  o.a.m.s.f.DefaultMavenResourcesFiltering - Copying 38 resources from src\main\resources to target\classes
2025-02-06 16:59:58,944 [Worker-55: ƒrƒ‹ƒh] INFO  o.a.m.s.f.DefaultMavenResourcesFiltering - skip non existing resourceDirectory C:\kadai_002\kadai_002\samuraitravel\src\test\resources
2025-02-06 17:03:30,628 [Worker-52: ƒrƒ‹ƒh] INFO  o.a.m.s.f.DefaultMavenResourcesFiltering - Copying 2 resources from src\main\resources to target\classes
2025-02-06 17:03:30,638 [Worker-52: ƒrƒ‹ƒh] INFO  o.a.m.s.f.DefaultMavenResourcesFiltering - Copying 38 resources from src\main\resources to target\classes
2025-02-06 17:03:30,650 [Worker-52: ƒrƒ‹ƒh] INFO  o.a.m.s.f.DefaultMavenResourcesFiltering - skip non existing resourceDirectory C:\kadai_002\kadai_002\samuraitravel\src\test\resources
2025-02-06 17:03:42,641 [Worker-48: ƒrƒ‹ƒh] INFO  o.a.m.s.f.DefaultMavenResourcesFiltering - Copying 2 resources from src\main\resources to target\classes
2025-02-06 17:03:42,651 [Worker-48: ƒrƒ‹ƒh] INFO  o.a.m.s.f.DefaultMavenResourcesFiltering - Copying 38 resources from src\main\resources to target\classes
2025-02-06 17:03:42,660 [Worker-48: ƒrƒ‹ƒh] INFO  o.a.m.s.f.DefaultMavenResourcesFiltering - skip non existing resourceDirectory C:\kadai_002\kadai_002\samuraitravel\src\test\resources
2025-02-06 17:04:00,148 [Worker-55: ƒrƒ‹ƒh] INFO  o.a.m.s.f.DefaultMavenResourcesFiltering - Copying 2 resources from src\main\resources to target\classes
2025-02-06 17:04:00,159 [Worker-55: ƒrƒ‹ƒh] INFO  o.a.m.s.f.DefaultMavenResourcesFiltering - Copying 38 resources from src\main\resources to target\classes
2025-02-06 17:04:00,168 [Worker-55: ƒrƒ‹ƒh] INFO  o.a.m.s.f.DefaultMavenResourcesFiltering - skip non existing resourceDirectory C:\kadai_002\kadai_002\samuraitravel\src\test\resources
2025-02-06 17:04:47,428 [Worker-54: ƒrƒ‹ƒh] INFO  o.a.m.s.f.DefaultMavenResourcesFiltering - Copying 2 resources from src\main\resources to target\classes
2025-02-06 17:04:47,439 [Worker-54: ƒrƒ‹ƒh] INFO  o.a.m.s.f.DefaultMavenResourcesFiltering - Copying 38 resources from src\main\resources to target\classes
2025-02-06 17:04:47,449 [Worker-54: ƒrƒ‹ƒh] INFO  o.a.m.s.f.DefaultMavenResourcesFiltering - skip non existing resourceDirectory C:\kadai_002\kadai_002\samuraitravel\src\test\resources
2025-02-06 17:04:58,658 [Worker-48: ƒrƒ‹ƒh] INFO  o.a.m.s.f.DefaultMavenResourcesFiltering - Copying 2 resources from src\main\resources to target\classes
2025-02-06 17:04:58,666 [Worker-48: ƒrƒ‹ƒh] INFO  o.a.m.s.f.DefaultMavenResourcesFiltering - Copying 38 resources from src\main\resources to target\classes
2025-02-06 17:04:58,675 [Worker-48: ƒrƒ‹ƒh] INFO  o.a.m.s.f.DefaultMavenResourcesFiltering - skip non existing resourceDirectory C:\kadai_002\kadai_002\samuraitravel\src\test\resources
2025-02-06 17:05:12,600 [Worker-48: ƒrƒ‹ƒh] INFO  o.a.m.s.f.DefaultMavenResourcesFiltering - Copying 2 resources from src\main\resources to target\classes
2025-02-06 17:05:12,609 [Worker-48: ƒrƒ‹ƒh] INFO  o.a.m.s.f.DefaultMavenResourcesFiltering - Copying 38 resources from src\main\resources to target\classes
2025-02-06 17:05:12,620 [Worker-48: ƒrƒ‹ƒh] INFO  o.a.m.s.f.DefaultMavenResourcesFiltering - skip non existing resourceDirectory C:\kadai_002\kadai_002\samuraitravel\src\test\resources
2025-02-06 17:06:01,161 [Worker-48: ƒrƒ‹ƒh] INFO  o.a.m.s.f.DefaultMavenResourcesFiltering - Copying 2 resources from src\main\resources to target\classes
2025-02-06 17:06:01,171 [Worker-48: ƒrƒ‹ƒh] INFO  o.a.m.s.f.DefaultMavenResourcesFiltering - Copying 38 resources from src\main\resources to target\classes
2025-02-06 17:06:01,180 [Worker-48: ƒrƒ‹ƒh] INFO  o.a.m.s.f.DefaultMavenResourcesFiltering - skip non existing resourceDirectory C:\kadai_002\kadai_002\samuraitravel\src\test\resources
2025-02-06 17:06:16,112 [Worker-54: ƒrƒ‹ƒh] INFO  o.a.m.s.f.DefaultMavenResourcesFiltering - Copying 2 resources from src\main\resources to target\classes
2025-02-06 17:06:16,121 [Worker-54: ƒrƒ‹ƒh] INFO  o.a.m.s.f.DefaultMavenResourcesFiltering - Copying 38 resources from src\main\resources to target\classes
2025-02-06 17:06:16,131 [Worker-54: ƒrƒ‹ƒh] INFO  o.a.m.s.f.DefaultMavenResourcesFiltering - skip non existing resourceDirectory C:\kadai_002\kadai_002\samuraitravel\src\test\resources
2025-02-06 17:06:50,207 [Worker-52: ƒrƒ‹ƒh] INFO  o.a.m.s.f.DefaultMavenResourcesFiltering - Copying 2 resources from src\main\resources to target\classes
2025-02-06 17:06:50,216 [Worker-52: ƒrƒ‹ƒh] INFO  o.a.m.s.f.DefaultMavenResourcesFiltering - Copying 38 resources from src\main\resources to target\classes
2025-02-06 17:06:50,226 [Worker-52: ƒrƒ‹ƒh] INFO  o.a.m.s.f.DefaultMavenResourcesFiltering - skip non existing resourceDirectory C:\kadai_002\kadai_002\samuraitravel\src\test\resources
2025-02-06 17:06:59,937 [Worker-55: ƒrƒ‹ƒh] INFO  o.a.m.s.f.DefaultMavenResourcesFiltering - Copying 2 resources from src\main\resources to target\classes
2025-02-06 17:06:59,946 [Worker-55: ƒrƒ‹ƒh] INFO  o.a.m.s.f.DefaultMavenResourcesFiltering - Copying 38 resources from src\main\resources to target\classes
2025-02-06 17:06:59,957 [Worker-55: ƒrƒ‹ƒh] INFO  o.a.m.s.f.DefaultMavenResourcesFiltering - skip non existing resourceDirectory C:\kadai_002\kadai_002\samuraitravel\src\test\resources
2025-02-06 17:07:43,255 [Worker-48: ƒrƒ‹ƒh] INFO  o.a.m.s.f.DefaultMavenResourcesFiltering - Copying 2 resources from src\main\resources to target\classes
2025-02-06 17:07:43,264 [Worker-48: ƒrƒ‹ƒh] INFO  o.a.m.s.f.DefaultMavenResourcesFiltering - Copying 38 resources from src\main\resources to target\classes
2025-02-06 17:07:43,274 [Worker-48: ƒrƒ‹ƒh] INFO  o.a.m.s.f.DefaultMavenResourcesFiltering - skip non existing resourceDirectory C:\kadai_002\kadai_002\samuraitravel\src\test\resources
2025-02-06 17:08:06,765 [Worker-52: ƒrƒ‹ƒh] INFO  o.a.m.s.f.DefaultMavenResourcesFiltering - Copying 2 resources from src\main\resources to target\classes
2025-02-06 17:08:06,775 [Worker-52: ƒrƒ‹ƒh] INFO  o.a.m.s.f.DefaultMavenResourcesFiltering - Copying 38 resources from src\main\resources to target\classes
2025-02-06 17:08:06,785 [Worker-52: ƒrƒ‹ƒh] INFO  o.a.m.s.f.DefaultMavenResourcesFiltering - skip non existing resourceDirectory C:\kadai_002\kadai_002\samuraitravel\src\test\resources
2025-02-06 17:08:48,179 [Worker-53: ƒrƒ‹ƒh] INFO  o.a.m.s.f.DefaultMavenResourcesFiltering - Copying 2 resources from src\main\resources to target\classes
2025-02-06 17:08:48,186 [Worker-53: ƒrƒ‹ƒh] INFO  o.a.m.s.f.DefaultMavenResourcesFiltering - Copying 38 resources from src\main\resources to target\classes
2025-02-06 17:08:48,195 [Worker-53: ƒrƒ‹ƒh] INFO  o.a.m.s.f.DefaultMavenResourcesFiltering - skip non existing resourceDirectory C:\kadai_002\kadai_002\samuraitravel\src\test\resources
2025-02-06 17:09:41,493 [Worker-55: ƒrƒ‹ƒh] INFO  o.a.m.s.f.DefaultMavenResourcesFiltering - Copying 2 resources from src\main\resources to target\classes
2025-02-06 17:09:41,500 [Worker-55: ƒrƒ‹ƒh] INFO  o.a.m.s.f.DefaultMavenResourcesFiltering - Copying 38 resources from src\main\resources to target\classes
2025-02-06 17:09:41,510 [Worker-55: ƒrƒ‹ƒh] INFO  o.a.m.s.f.DefaultMavenResourcesFiltering - skip non existing resourceDirectory C:\kadai_002\kadai_002\samuraitravel\src\test\resources
2025-02-06 17:10:40,542 [Worker-53: ƒrƒ‹ƒh] INFO  o.a.m.s.f.DefaultMavenResourcesFiltering - Copying 2 resources from src\main\resources to target\classes
2025-02-06 17:10:40,555 [Worker-53: ƒrƒ‹ƒh] INFO  o.a.m.s.f.DefaultMavenResourcesFiltering - Copying 38 resources from src\main\resources to target\classes
2025-02-06 17:10:40,566 [Worker-53: ƒrƒ‹ƒh] INFO  o.a.m.s.f.DefaultMavenResourcesFiltering - skip non existing resourceDirectory C:\kadai_002\kadai_002\samuraitravel\src\test\resources
2025-02-06 17:15:23,161 [Worker-54: ƒrƒ‹ƒh] INFO  o.a.m.s.f.DefaultMavenResourcesFiltering - Copying 0 resource from src\main\resources to target\classes
2025-02-06 17:15:23,169 [Worker-54: ƒrƒ‹ƒh] INFO  o.a.m.s.f.DefaultMavenResourcesFiltering - Copying 1 resource from src\main\resources to target\classes
2025-02-06 17:15:23,172 [Worker-54: ƒrƒ‹ƒh] INFO  o.a.m.s.f.DefaultMavenResourcesFiltering - skip non existing resourceDirectory C:\kadai_002\kadai_002\samuraitravel\src\test\resources
2025-02-06 17:15:31,803 [Worker-53: ƒrƒ‹ƒh] INFO  o.a.m.s.f.DefaultMavenResourcesFiltering - Copying 0 resource from src\main\resources to target\classes
2025-02-06 17:15:31,809 [Worker-53: ƒrƒ‹ƒh] INFO  o.a.m.s.f.DefaultMavenResourcesFiltering - Copying 0 resource from src\main\resources to target\classes
2025-02-06 17:15:31,812 [Worker-53: ƒrƒ‹ƒh] INFO  o.a.m.s.f.DefaultMavenResourcesFiltering - skip non existing resourceDirectory C:\kadai_002\kadai_002\samuraitravel\src\test\resources
2025-02-06 17:15:42,958 [Worker-56: ƒrƒ‹ƒh] INFO  o.a.m.s.f.DefaultMavenResourcesFiltering - Copying 0 resource from src\main\resources to target\classes
2025-02-06 17:15:42,966 [Worker-56: ƒrƒ‹ƒh] INFO  o.a.m.s.f.DefaultMavenResourcesFiltering - Copying 1 resource from src\main\resources to target\classes
2025-02-06 17:15:42,970 [Worker-56: ƒrƒ‹ƒh] INFO  o.a.m.s.f.DefaultMavenResourcesFiltering - skip non existing resourceDirectory C:\kadai_002\kadai_002\samuraitravel\src\test\resources
2025-02-06 17:16:13,269 [Worker-56: ƒrƒ‹ƒh] INFO  o.a.m.s.f.DefaultMavenResourcesFiltering - Copying 0 resource from src\main\resources to target\classes
2025-02-06 17:16:13,274 [Worker-56: ƒrƒ‹ƒh] INFO  o.a.m.s.f.DefaultMavenResourcesFiltering - Copying 1 resource from src\main\resources to target\classes
2025-02-06 17:16:13,277 [Worker-56: ƒrƒ‹ƒh] INFO  o.a.m.s.f.DefaultMavenResourcesFiltering - skip non existing resourceDirectory C:\kadai_002\kadai_002\samuraitravel\src\test\resources
2025-02-06 17:16:34,921 [Worker-52: ƒrƒ‹ƒh] INFO  o.a.m.s.f.DefaultMavenResourcesFiltering - Copying 0 resource from src\main\resources to target\classes
2025-02-06 17:16:34,927 [Worker-52: ƒrƒ‹ƒh] INFO  o.a.m.s.f.DefaultMavenResourcesFiltering - Copying 1 resource from src\main\resources to target\classes
2025-02-06 17:16:34,930 [Worker-52: ƒrƒ‹ƒh] INFO  o.a.m.s.f.DefaultMavenResourcesFiltering - skip non existing resourceDirectory C:\kadai_002\kadai_002\samuraitravel\src\test\resources
2025-02-06 17:29:53,240 [Worker-57: samuraitravel - SamuraitravelApplication ‚̀‹N“®] INFO  o.a.m.s.f.DefaultMavenResourcesFiltering - Copying 0 resource from src\main\resources to target\classes
2025-02-06 17:29:53,247 [Worker-57: samuraitravel - SamuraitravelApplication ‚̀‹N“®] INFO  o.a.m.s.f.DefaultMavenResourcesFiltering - Copying 2 resources from src\main\resources to target\classes
2025-02-06 17:29:53,252 [Worker-57: samuraitravel - SamuraitravelApplication ‚̀‹N“®] INFO  o.a.m.s.f.DefaultMavenResourcesFiltering - skip non existing resourceDirectory C:\kadai_002\kadai_002\samuraitravel\src\test\resources
2025-02-06 17:31:58,600 [Worker-57: ƒrƒ‹ƒh] INFO  o.a.m.s.f.DefaultMavenResourcesFiltering - Copying 0 resource from src\main\resources to target\classes
2025-02-06 17:31:58,606 [Worker-57: ƒrƒ‹ƒh] INFO  o.a.m.s.f.DefaultMavenResourcesFiltering - Copying 1 resource from src\main\resources to target\classes
2025-02-06 17:31:58,609 [Worker-57: ƒrƒ‹ƒh] INFO  o.a.m.s.f.DefaultMavenResourcesFiltering - skip non existing resourceDirectory C:\kadai_002\kadai_002\samuraitravel\src\test\resources
2025-02-06 17:39:11,302 [Worker-57: ƒrƒ‹ƒh] INFO  o.a.m.s.f.DefaultMavenResourcesFiltering - Copying 0 resource from src\main\resources to target\classes
2025-02-06 17:39:11,309 [Worker-57: ƒrƒ‹ƒh] INFO  o.a.m.s.f.DefaultMavenResourcesFiltering - Copying 1 resource from src\main\resources to target\classes
2025-02-06 17:39:11,312 [Worker-57: ƒrƒ‹ƒh] INFO  o.a.m.s.f.DefaultMavenResourcesFiltering - skip non existing resourceDirectory C:\kadai_002\kadai_002\samuraitravel\src\test\resources
2025-02-06 17:41:30,268 [Worker-68: ƒrƒ‹ƒh] INFO  o.a.m.s.f.DefaultMavenResourcesFiltering - Copying 0 resource from src\main\resources to target\classes
2025-02-06 17:41:30,274 [Worker-68: ƒrƒ‹ƒh] INFO  o.a.m.s.f.DefaultMavenResourcesFiltering - Copying 1 resource from src\main\resources to target\classes
2025-02-06 17:41:30,278 [Worker-68: ƒrƒ‹ƒh] INFO  o.a.m.s.f.DefaultMavenResourcesFiltering - skip non existing resourceDirectory C:\kadai_002\kadai_002\samuraitravel\src\test\resources
2025-02-06 17:41:32,806 [Worker-57: ƒrƒ‹ƒh] INFO  o.a.m.s.f.DefaultMavenResourcesFiltering - Copying 2 resources from src\main\resources to target\classes
2025-02-06 17:41:32,816 [Worker-57: ƒrƒ‹ƒh] INFO  o.a.m.s.f.DefaultMavenResourcesFiltering - Copying 40 resources from src\main\resources to target\classes
2025-02-06 17:41:32,829 [Worker-57: ƒrƒ‹ƒh] INFO  o.a.m.s.f.DefaultMavenResourcesFiltering - skip non existing resourceDirectory C:\kadai_002\kadai_002\samuraitravel\src\test\resources
2025-02-06 17:46:17,920 [Worker-71: ƒrƒ‹ƒh] INFO  o.a.m.s.f.DefaultMavenResourcesFiltering - Copying 0 resource from src\main\resources to target\classes
2025-02-06 17:46:17,925 [Worker-71: ƒrƒ‹ƒh] INFO  o.a.m.s.f.DefaultMavenResourcesFiltering - Copying 1 resource from src\main\resources to target\classes
2025-02-06 17:46:17,929 [Worker-71: ƒrƒ‹ƒh] INFO  o.a.m.s.f.DefaultMavenResourcesFiltering - skip non existing resourceDirectory C:\kadai_002\kadai_002\samuraitravel\src\test\resources
2025-02-06 17:46:49,992 [Worker-69: ƒrƒ‹ƒh] INFO  o.a.m.s.f.DefaultMavenResourcesFiltering - Copying 0 resource from src\main\resources to target\classes
2025-02-06 17:46:49,998 [Worker-69: ƒrƒ‹ƒh] INFO  o.a.m.s.f.DefaultMavenResourcesFiltering - Copying 1 resource from src\main\resources to target\classes
2025-02-06 17:46:50,001 [Worker-69: ƒrƒ‹ƒh] INFO  o.a.m.s.f.DefaultMavenResourcesFiltering - skip non existing resourceDirectory C:\kadai_002\kadai_002\samuraitravel\src\test\resources
2025-02-06 20:26:11,720 [Worker-1: Loading available Gradle versions] INFO  o.e.b.c.i.u.g.PublishedGradleVersions - Gradle version information cache is up-to-date. Trying to read.
2025-02-06 20:28:33,540 [Worker-19: ƒrƒ‹ƒh] INFO  o.a.m.s.f.DefaultMavenResourcesFiltering - Copying 2 resources from src\main\resources to target\classes
2025-02-06 20:28:33,557 [Worker-19: ƒrƒ‹ƒh] INFO  o.a.m.s.f.DefaultMavenResourcesFiltering - Copying 40 resources from src\main\resources to target\classes
2025-02-06 20:28:33,587 [Worker-19: ƒrƒ‹ƒh] INFO  o.a.m.s.f.DefaultMavenResourcesFiltering - skip non existing resourceDirectory C:\kadai_002\kadai_002\samuraitravel\src\test\resources
2025-02-06 20:30:50,545 [Worker-11: ƒrƒ‹ƒh] INFO  o.a.m.s.f.DefaultMavenResourcesFiltering - Copying 2 resources from src\main\resources to target\classes
2025-02-06 20:30:50,553 [Worker-11: ƒrƒ‹ƒh] INFO  o.a.m.s.f.DefaultMavenResourcesFiltering - Copying 40 resources from src\main\resources to target\classes
2025-02-06 20:30:50,564 [Worker-11: ƒrƒ‹ƒh] INFO  o.a.m.s.f.DefaultMavenResourcesFiltering - skip non existing resourceDirectory C:\kadai_002\kadai_002\samuraitravel\src\test\resources
2025-02-06 20:31:19,336 [Worker-22: ƒrƒ‹ƒh] INFO  o.a.m.s.f.DefaultMavenResourcesFiltering - Copying 2 resources from src\main\resources to target\classes
2025-02-06 20:31:19,349 [Worker-22: ƒrƒ‹ƒh] INFO  o.a.m.s.f.DefaultMavenResourcesFiltering - Copying 40 resources from src\main\resources to target\classes
2025-02-06 20:31:19,362 [Worker-22: ƒrƒ‹ƒh] INFO  o.a.m.s.f.DefaultMavenResourcesFiltering - skip non existing resourceDirectory C:\kadai_002\kadai_002\samuraitravel\src\test\resources
2025-02-06 20:32:34,147 [Worker-11: ƒrƒ‹ƒh] INFO  o.a.m.s.f.DefaultMavenResourcesFiltering - Copying 2 resources from src\main\resources to target\classes
2025-02-06 20:32:34,155 [Worker-11: ƒrƒ‹ƒh] INFO  o.a.m.s.f.DefaultMavenResourcesFiltering - Copying 40 resources from src\main\resources to target\classes
2025-02-06 20:32:34,168 [Worker-11: ƒrƒ‹ƒh] INFO  o.a.m.s.f.DefaultMavenResourcesFiltering - skip non existing resourceDirectory C:\kadai_002\kadai_002\samuraitravel\src\test\resources
2025-02-06 20:33:02,893 [Worker-8: ƒrƒ‹ƒh] INFO  o.a.m.s.f.DefaultMavenResourcesFiltering - Copying 2 resources from src\main\resources to target\classes
2025-02-06 20:33:02,900 [Worker-8: ƒrƒ‹ƒh] INFO  o.a.m.s.f.DefaultMavenResourcesFiltering - Copying 40 resources from src\main\resources to target\classes
2025-02-06 20:33:02,912 [Worker-8: ƒrƒ‹ƒh] INFO  o.a.m.s.f.DefaultMavenResourcesFiltering - skip non existing resourceDirectory C:\kadai_002\kadai_002\samuraitravel\src\test\resources
2025-02-06 20:33:06,672 [Worker-23: ƒrƒ‹ƒh] INFO  o.a.m.s.f.DefaultMavenResourcesFiltering - Copying 2 resources from src\main\resources to target\classes
2025-02-06 20:33:06,680 [Worker-23: ƒrƒ‹ƒh] INFO  o.a.m.s.f.DefaultMavenResourcesFiltering - Copying 40 resources from src\main\resources to target\classes
2025-02-06 20:33:06,691 [Worker-23: ƒrƒ‹ƒh] INFO  o.a.m.s.f.DefaultMavenResourcesFiltering - skip non existing resourceDirectory C:\kadai_002\kadai_002\samuraitravel\src\test\resources
2025-02-06 20:33:13,339 [Worker-22: ƒrƒ‹ƒh] INFO  o.a.m.s.f.DefaultMavenResourcesFiltering - Copying 2 resources from src\main\resources to target\classes
2025-02-06 20:33:13,347 [Worker-22: ƒrƒ‹ƒh] INFO  o.a.m.s.f.DefaultMavenResourcesFiltering - Copying 40 resources from src\main\resources to target\classes
2025-02-06 20:33:13,358 [Worker-22: ƒrƒ‹ƒh] INFO  o.a.m.s.f.DefaultMavenResourcesFiltering - skip non existing resourceDirectory C:\kadai_002\kadai_002\samuraitravel\src\test\resources
2025-02-07 13:32:37,726 [Worker-2: Loading available Gradle versions] INFO  o.e.b.c.i.u.g.PublishedGradleVersions - Gradle version information cache is up-to-date. Trying to read.
2025-02-07 13:34:27,424 [Worker-14: ƒrƒ‹ƒh] INFO  o.a.m.s.f.DefaultMavenResourcesFiltering - Copying 2 resources from src\main\resources to target\classes
2025-02-07 13:34:27,439 [Worker-14: ƒrƒ‹ƒh] INFO  o.a.m.s.f.DefaultMavenResourcesFiltering - Copying 40 resources from src\main\resources to target\classes
2025-02-07 13:34:27,460 [Worker-14: ƒrƒ‹ƒh] INFO  o.a.m.s.f.DefaultMavenResourcesFiltering - skip non existing resourceDirectory C:\kadai_002\kadai_002\samuraitravel\src\test\resources
2025-02-07 13:36:23,525 [Worker-3: ƒrƒ‹ƒh] INFO  o.a.m.s.f.DefaultMavenResourcesFiltering - Copying 0 resource from src\main\resources to target\classes
2025-02-07 13:36:23,532 [Worker-3: ƒrƒ‹ƒh] INFO  o.a.m.s.f.DefaultMavenResourcesFiltering - Copying 1 resource from src\main\resources to target\classes
2025-02-07 13:36:23,536 [Worker-3: ƒrƒ‹ƒh] INFO  o.a.m.s.f.DefaultMavenResourcesFiltering - skip non existing resourceDirectory C:\kadai_002\kadai_002\samuraitravel\src\test\resources
2025-02-07 13:41:55,343 [Worker-4: ƒrƒ‹ƒh] INFO  o.a.m.s.f.DefaultMavenResourcesFiltering - Copying 2 resources from src\main\resources to target\classes
2025-02-07 13:41:55,350 [Worker-4: ƒrƒ‹ƒh] INFO  o.a.m.s.f.DefaultMavenResourcesFiltering - Copying 40 resources from src\main\resources to target\classes
2025-02-07 13:41:55,359 [Worker-4: ƒrƒ‹ƒh] INFO  o.a.m.s.f.DefaultMavenResourcesFiltering - skip non existing resourceDirectory C:\kadai_002\kadai_002\samuraitravel\src\test\resources
2025-02-07 13:47:09,629 [Worker-5: ƒrƒ‹ƒh] INFO  o.a.m.s.f.DefaultMavenResourcesFiltering - Copying 2 resources from src\main\resources to target\classes
2025-02-07 13:47:09,644 [Worker-5: ƒrƒ‹ƒh] INFO  o.a.m.s.f.DefaultMavenResourcesFiltering - Copying 40 resources from src\main\resources to target\classes
2025-02-07 13:47:09,658 [Worker-5: ƒrƒ‹ƒh] INFO  o.a.m.s.f.DefaultMavenResourcesFiltering - skip non existing resourceDirectory C:\kadai_002\kadai_002\samuraitravel\src\test\resources
2025-02-07 13:49:01,747 [Worker-10: ƒrƒ‹ƒh] INFO  o.a.m.s.f.DefaultMavenResourcesFiltering - Copying 0 resource from src\main\resources to target\classes
2025-02-07 13:49:01,753 [Worker-10: ƒrƒ‹ƒh] INFO  o.a.m.s.f.DefaultMavenResourcesFiltering - Copying 1 resource from src\main\resources to target\classes
2025-02-07 13:49:01,757 [Worker-10: ƒrƒ‹ƒh] INFO  o.a.m.s.f.DefaultMavenResourcesFiltering - skip non existing resourceDirectory C:\kadai_002\kadai_002\samuraitravel\src\test\resources
2025-02-07 13:51:00,883 [Worker-19: ƒrƒ‹ƒh] INFO  o.a.m.s.f.DefaultMavenResourcesFiltering - Copying 1 resource from src\main\resources to target\classes
2025-02-07 13:51:00,891 [Worker-19: ƒrƒ‹ƒh] INFO  o.a.m.s.f.DefaultMavenResourcesFiltering - Copying 0 resource from src\main\resources to target\classes
2025-02-07 13:51:00,894 [Worker-19: ƒrƒ‹ƒh] INFO  o.a.m.s.f.DefaultMavenResourcesFiltering - skip non existing resourceDirectory C:\kadai_002\kadai_002\samuraitravel\src\test\resources
